** Message: 03:26:49.323: environement.vala:58: Exporting primary_variable
** Message: 03:26:49.323: environement.vala:59: desktop_environnement XDG_CURRENT_DESKTOP
** Message: 03:26:49.324: environement.vala:150: confir_dirs is null, export : /etc/xdg
** Message: 03:26:49.324: environement.vala:184: Exporting XDG_CONFIG_DIRS
** Message: 03:26:49.324: environement.vala:218: custom_data :
** Message: 03:26:49.324: environement.vala:219: data_dirs :/usr/local/share:/usr/share/raspi-ui-overrides:/usr/share:/usr/share/gdm:/var/lib/menu-xdg
** Message: 03:26:49.324: environement.vala:220: data_dirs not null, export : /usr/local/share:/usr/share/raspi-ui-overrides:/usr/share:/usr/share/gdm:/var/lib/menu-xdg
** Message: 03:26:49.324: environement.vala:225: Exporting XDG_DATA_DIRS
** Message: 03:26:49.324: utils.vala:138: Config system location : /etc/xdg/lxsession/LXDE-pi
** Message: 03:26:49.346: utils.vala:144: System system path location : /etc/xdg/lxsession/LXDE-pi/desktop.conf
** Message: 03:26:49.346: utils.vala:148: Final file used : /etc/xdg/lxsession/LXDE-pi/desktop.conf
** Message: 03:26:49.346: utils.vala:39: Config system location : /etc/xdg/lxsession/LXDE-pi
** Message: 03:26:49.347: utils.vala:45: System system path location : /etc/xdg/lxsession/LXDE-pi/desktop.conf

** (lxsession:596): WARNING **: 03:26:49.361: utils.vala:70: No such file or directory
** Message: 03:26:49.361: settings.vala:540: Key file does not have key “iGtk/ColorScheme” in group “GTK”
** Message: 03:26:49.361: settings.vala:540: Key file does not have key “windows_manager/command” in group “Session”
** Message: 03:26:49.361: settings.vala:540: Key file does not have key “panel/command” in group “Session”
** Message: 03:26:49.361: settings.vala:540: Key file does not have key “dock/command” in group “Session”
** Message: 03:26:49.361: settings.vala:540: Key file does not have key “file_manager/command” in group “Session”
** Message: 03:26:49.361: settings.vala:540: Key file does not have key “desktop_manager/command” in group “Session”
** Message: 03:26:49.361: settings.vala:540: Key file does not have key “launcher_manager/autostart” in group “Session”
** Message: 03:26:49.361: settings.vala:540: Key file does not have key “composite_manager/command” in group “Session”
** Message: 03:26:49.361: settings.vala:540: Key file does not have key “im1/command” in group “Session”
** Message: 03:26:49.362: settings.vala:540: Key file does not have key “im2/command” in group “Session”
** Message: 03:26:49.362: settings.vala:540: Key file does not have key “widget1/command” in group “Session”
** Message: 03:26:49.362: settings.vala:540: Key file does not have key “notification/command” in group “Session”
** Message: 03:26:49.362: settings.vala:540: Key file does not have key “keybindings/command” in group “Session”
** Message: 03:26:49.362: settings.vala:540: Key file does not have key “im_manager/command” in group “Session”
** Message: 03:26:49.362: settings.vala:540: Key file does not have key “screensaver/command” in group “Session”
** Message: 03:26:49.362: settings.vala:540: Key file does not have key “power_manager/command” in group “Session”
** Message: 03:26:49.362: settings.vala:540: Key file does not have key “audio_manager/command” in group “Session”
** Message: 03:26:49.362: settings.vala:540: Key file does not have key “workspace_manager/command” in group “Session”
** Message: 03:26:49.362: settings.vala:540: Key file does not have key “screenshot_manager/command” in group “Session”
** Message: 03:26:49.362: settings.vala:540: Key file does not have key “message_manager/command” in group “Session”
** Message: 03:26:49.362: settings.vala:540: Key file does not have key “upgrade_manager/command” in group “Session”
** Message: 03:26:49.362: settings.vala:540: Key file does not have key “updates_manager/command” in group “Session”
** Message: 03:26:49.362: settings.vala:540: Key file does not have key “updates_manager/timeout” in group “Session”
** Message: 03:26:49.362: settings.vala:540: Key file does not have key “crash_manager/command” in group “Session”
** Message: 03:26:49.363: settings.vala:540: Key file does not have key “crash_manager/dev_mode” in group “Session”
** Message: 03:26:49.363: settings.vala:540: Key file does not have key “crash_manager/timeout” in group “Session”
** Message: 03:26:49.363: settings.vala:540: Key file does not have key “upstart_user_session” in group “Session”
** Message: 03:26:49.363: settings.vala:540: Key file does not have key “proxy_manager/http” in group “Session”
** Message: 03:26:49.363: settings.vala:540: Key file does not have key “a11y/command” in group “Session”
** Message: 03:26:49.363: settings.vala:540: Key file does not have key “xrandr/command” in group “Session”
** Message: 03:26:49.363: settings.vala:540: Key file does not have key “network_gui/command” in group “Session”
** Message: 03:26:49.363: settings.vala:540: Key file does not have key “webbrowser/command” in group “Session”
** Message: 03:26:49.363: settings.vala:540: Key file does not have key “email/command” in group “Session”
** Message: 03:26:49.363: settings.vala:540: Key file does not have key “pdf_reader/command” in group “Session”
** Message: 03:26:49.363: settings.vala:540: Key file does not have key “video_player/command” in group “Session”
** Message: 03:26:49.363: settings.vala:540: Key file does not have key “audio_player/command” in group “Session”
** Message: 03:26:49.363: settings.vala:540: Key file does not have key “image_display/command” in group “Session”
** Message: 03:26:49.368: settings.vala:540: Key file does not have key “text_editor/command” in group “Session”
** Message: 03:26:49.368: settings.vala:540: Key file does not have key “archive/command” in group “Session”
** Message: 03:26:49.368: settings.vala:540: Key file does not have key “charmap/command” in group “Session”
** Message: 03:26:49.368: settings.vala:540: Key file does not have key “calculator/command” in group “Session”
** Message: 03:26:49.368: settings.vala:540: Key file does not have key “spreadsheet/command” in group “Session”
** Message: 03:26:49.368: settings.vala:540: Key file does not have key “bittorent/command” in group “Session”
** Message: 03:26:49.368: settings.vala:540: Key file does not have key “document/command” in group “Session”
** Message: 03:26:49.368: settings.vala:540: Key file does not have key “webcam/command” in group “Session”
** Message: 03:26:49.369: settings.vala:540: Key file does not have key “burn/command” in group “Session”
** Message: 03:26:49.369: settings.vala:540: Key file does not have key “notes/command” in group “Session”
** Message: 03:26:49.369: settings.vala:540: Key file does not have key “disk_utility/command” in group “Session”
** Message: 03:26:49.369: settings.vala:540: Key file does not have key “tasks/command” in group “Session”
** Message: 03:26:49.369: settings.vala:540: Key file does not have group “Keymap”
** Message: 03:26:49.369: settings.vala:540: Key file does not have key “laptop_mode” in group “State”
** Message: 03:26:49.369: settings.vala:540: Key file does not have key “gnome” in group “Dbus”
** Message: 03:26:49.369: settings.vala:540: Key file does not have key “type” in group “Environment”
** Message: 03:26:49.369: settings.vala:540: Key file does not have key “ubuntu_menuproxy” in group “Environment”
** Message: 03:26:49.369: settings.vala:540: Key file does not have key “toolkit_integration” in group “Environment”
** Message: 03:26:49.369: settings.vala:540: Key file does not have key “gtk/overlay_scrollbar_disable” in group “Environment”
** Message: 03:26:49.369: settings.vala:540: Key file does not have key “qt/force_theme” in group “Environment”
** Message: 03:26:49.369: settings.vala:540: Key file does not have key “qt/platform” in group “Environment”
** Message: 03:26:49.370: settings.vala:462: Monitoring: /etc/xdg/lxsession/LXDE-pi/desktop.conf
** Message: 03:26:49.370: settings.vala:470: Desktop file is not in config home, monitoring creation of it
** Message: 03:26:49.371: settings.vala:485: Monitoring home path: /home/betmul/.config/lxsession/LXDE-pi/desktop.conf
** Message: 03:26:49.371: environement.vala:79: Exporting variable
** Message: 03:26:49.371: environement.vala:80: desktop_environnement XDG_CURRENT_DESKTOP
** Message: 03:26:49.371: environement.vala:177: custom_config :
** Message: 03:26:49.371: environement.vala:178: config_dirs :/etc/xdg
** Message: 03:26:49.371: environement.vala:179: confir_dirs not null, export : /etc/xdg
** Message: 03:26:49.371: environement.vala:184: Exporting XDG_CONFIG_DIRS
** Message: 03:26:49.371: environement.vala:218: custom_data :
** Message: 03:26:49.371: environement.vala:219: data_dirs :/usr/local/share:/usr/share/raspi-ui-overrides:/usr/share:/usr/share/gdm:/var/lib/menu-xdg
** Message: 03:26:49.371: environement.vala:220: data_dirs not null, export : /usr/local/share:/usr/share/raspi-ui-overrides:/usr/share:/usr/share/gdm:/var/lib/menu-xdg
** Message: 03:26:49.371: environement.vala:225: Exporting XDG_DATA_DIRS
** Message: 03:26:49.371: utils.vala:39: Config system location : /etc/xdg/lxsession/LXDE-pi
** Message: 03:26:49.372: utils.vala:45: System system path location : /etc/xdg/lxsession/LXDE-pi/desktop.conf

** (lxsession:596): WARNING **: 03:26:49.372: utils.vala:70: No such file or directory
** Message: 03:26:49.372: environement.vala:254: No entry in [Environment_variable]. Key file does not have group “Environment_variable”

** (lxsession:596): WARNING **: 03:26:49.377: process.vala:49: Failed to execute child process “xprop” (No such file or directory)

** (lxsession:596): WARNING **: 03:26:49.377: process.vala:50: Error when launching xprop
** Message: 03:26:49.377: utils.vala:138: Config system location : /etc/xdg/lxsession/LXDE-pi
** Message: 03:26:49.377: utils.vala:144: System system path location : /etc/xdg/lxsession/LXDE-pi/conffiles.conf
** Message: 03:26:49.377: utils.vala:148: Final file used : /etc/xdg/lxsession/LXDE-pi/conffiles.conf
** Message: 03:26:49.378: options.vala:164: Activate xsettings_manager build-in
** Message: 03:26:49.378: utils.vala:39: Config system location : /etc/xdg/lxsession/LXDE-pi
** Message: 03:26:49.378: utils.vala:45: System system path location : /etc/xdg/lxsession/LXDE-pi/desktop.conf

** (lxsession:596): WARNING **: 03:26:49.378: utils.vala:70: No such file or directory
** Message: 03:26:49.402: app.vala:728: polkit separate
** Message: 03:26:49.402: app.vala:728: polkit separate
** Message: 03:26:49.409: app.vala:76: Launching lxpolkit 
** Message: 03:26:49.409: utils.vala:138: Config system location : /etc/xdg/lxsession/LXDE-pi
** Message: 03:26:49.409: utils.vala:144: System system path location : /etc/xdg/lxsession/LXDE-pi/autostart
** Message: 03:26:49.409: utils.vala:148: Final file used : /etc/xdg/lxsession/LXDE-pi/autostart
** Message: 03:26:49.409: autostart.vala:42: Autostart path : /etc/xdg/lxsession/LXDE-pi/autostart
** Message: 03:26:49.431: app.vala:76: Launching lxpanel 
** Message: 03:26:49.448: app.vala:76: Launching pcmanfm 

** (lxsession:596): WARNING **: 03:26:49.456: app.vala:86: Failed to execute child process “xscreensaver” (No such file or directory)

** (lxsession:596): WARNING **: 03:26:49.456: app.vala:87: Error when launching xscreensaver
** Message: 03:26:49.475: options.vala:107: Create build-in Clipboard
** Message: 03:26:49.481: main.vala:450: Check keymap_mode (null)
** Message: 03:26:49.485: app.vala:76: Launching /usr/bin/ssh-agent 
SSH_AUTH_SOCK=/tmp/ssh-faXb53EZoIux/agent.757; export SSH_AUTH_SOCK;
SSH_AGENT_PID=766; export SSH_AGENT_PID;
echo Agent pid 766;
** Message: 03:26:50.017: app.vala:130: /usr/bin/ssh-agent exit with this type of exit: 0
Openbox-Message: Unable to find a valid menu file "/usr/share/lxde/openbox/menu.xml"
** Message: 03:26:51.006: x-terminal-emulator has very limited support, consider choosing another terminal
** Message: 03:26:51.225: x-terminal-emulator has very limited support, consider choosing another terminal
grep: /home/betmul/.config/lxpanel/LXDE-pi/panels/*: No such file or directory
** Message: 03:26:52.942: netman: network manager service not running; plugin hidden
** Message: 03:26:52.980: Connecting ...
** Message: 03:26:52.980: Status changed to down

** (lxpanel:746): CRITICAL **: 03:26:52.980: dhcpcd_open: Inappropriate ioctl for device
xrandr: Failed to get size of gamma for output default
** Message: 03:26:53.150: ptbatt: battery 0 not found
** Message: 03:26:53.744: up: No network connection - polling...
** Message: 03:26:53.981: Status changed to opened
** Message: 03:26:53.982: Connected to dhcpcd-8.1.2
** Message: 03:26:53.982: Status changed to disconnected
** Message: 03:26:53.982: eth0: Link is down
** Message: 03:26:53.982: wlan0: Not associated
** Message: 03:26:53.983: wlan0: WPA status connected
** Message: 03:27:00.723: wlan0: Associated with bettermultiply
** Message: 03:27:00.738: Status changed to connecting
** Message: 03:27:06.019: wlan0: Expired
** Message: 03:27:10.404: wlan0: Configured 169.254.13.107/16
** Message: 03:27:10.405: Status changed to connected
** Message: 03:27:15.194: wlan0: Configured 192.168.12.26/24
** Message: 03:27:15.194: wlan0: Expired IPv4LL
** Message: 03:41:07.252: up: Checking for updates
** Message: 03:41:13.105: up: Cache updated - comparing versions
** Message: 03:41:20.822: up: Check complete - 14 updates available
